e:\programming\graphics\openframeworks\2dcharacters\bin\2dcharacters_debug.lib
e:\programming\graphics\openframeworks\2dcharacters\bin\2dcharacters_debug.exp
e:\programming\graphics\openframeworks\2dcharacters\obj\debug\src\ofapp.obj
e:\programming\graphics\openframeworks\2dcharacters\obj\debug\src\main.obj
e:\programming\graphics\openframeworks\2dcharacters\obj\debug\src\functions.obj
e:\programming\graphics\openframeworks\2dcharacters\obj\debug\vc142.pdb
e:\programming\graphics\openframeworks\2dcharacters\obj\debug\2dcharacters_debug.ilk
e:\programming\graphics\openframeworks\2dcharacters\bin\2dcharacters_debug.exe
e:\programming\graphics\openframeworks\2dcharacters\bin\2dcharacters_debug.pdb
e:\programming\graphics\openframeworks\2dcharacters\obj\debug\icon.res
e:\programming\graphics\openframeworks\2dcharacters\obj\debug\2dcharacters.tlog\2dcharacters.write.1u.tlog
e:\programming\graphics\openframeworks\2dcharacters\obj\debug\2dcharacters.tlog\cl.1396.write.1.tlog
e:\programming\graphics\openframeworks\2dcharacters\obj\debug\2dcharacters.tlog\cl.command.1.tlog
e:\programming\graphics\openframeworks\2dcharacters\obj\debug\2dcharacters.tlog\cl.read.1.tlog
e:\programming\graphics\openframeworks\2dcharacters\obj\debug\2dcharacters.tlog\link.command.1.tlog
e:\programming\graphics\openframeworks\2dcharacters\obj\debug\2dcharacters.tlog\link.read.1.tlog
e:\programming\graphics\openframeworks\2dcharacters\obj\debug\2dcharacters.tlog\link.write.1.tlog
e:\programming\graphics\openframeworks\2dcharacters\obj\debug\2dcharacters.tlog\rc.command.1.tlog
e:\programming\graphics\openframeworks\2dcharacters\obj\debug\2dcharacters.tlog\rc.read.1.tlog
e:\programming\graphics\openframeworks\2dcharacters\obj\debug\2dcharacters.tlog\rc.write.1.tlog
